[15-Mar-2025 16:01:52 UTC] PHP Warning:  Undefined variable $pdo in C:\Users\ASUS\Desktop\ecweb\ecweb\admin\pages\orders\update_status.php on line 35
[15-Mar-2025 16:01:52 UTC] General Error: Database connection failed
[15-Mar-2025 16:01:54 UTC] PHP Warning:  Undefined variable $pdo in C:\Users\ASUS\Desktop\ecweb\ecweb\admin\pages\orders\update_status.php on line 35
[15-Mar-2025 16:01:54 UTC] General Error: Database connection failed
[15-Mar-2025 16:01:55 UTC] PHP Warning:  Undefined variable $pdo in C:\Users\ASUS\Desktop\ecweb\ecweb\admin\pages\orders\update_status.php on line 35
[15-Mar-2025 16:01:55 UTC] General Error: Database connection failed
[15-Mar-2025 16:01:56 UTC] PHP Warning:  Undefined variable $pdo in C:\Users\ASUS\Desktop\ecweb\ecweb\admin\pages\orders\update_status.php on line 35
[15-Mar-2025 16:01:56 UTC] General Error: Database connection failed
[15-Mar-2025 16:01:56 UTC] PHP Warning:  Undefined variable $pdo in C:\Users\ASUS\Desktop\ecweb\ecweb\admin\pages\orders\update_status.php on line 35
[15-Mar-2025 16:01:56 UTC] General Error: Database connection failed
[15-Mar-2025 16:01:56 UTC] PHP Warning:  Undefined variable $pdo in C:\Users\ASUS\Desktop\ecweb\ecweb\admin\pages\orders\update_status.php on line 35
[15-Mar-2025 16:01:56 UTC] General Error: Database connection failed
[15-Mar-2025 16:07:43 UTC] PHP Warning:  Undefined variable $pdo in C:\Users\ASUS\Desktop\ecweb\ecweb\admin\pages\orders\update_status.php on line 35
[15-Mar-2025 16:07:43 UTC] General Error: Database connection failed
[15-Mar-2025 16:07:46 UTC] PHP Warning:  Undefined variable $pdo in C:\Users\ASUS\Desktop\ecweb\ecweb\admin\pages\orders\update_status.php on line 35
[15-Mar-2025 16:07:46 UTC] General Error: Database connection failed
[15-Mar-2025 16:07:49 UTC] PHP Warning:  Undefined variable $pdo in C:\Users\ASUS\Desktop\ecweb\ecweb\admin\pages\orders\update_status.php on line 35
[15-Mar-2025 16:07:49 UTC] General Error: Database connection failed
[15-Mar-2025 16:07:51 UTC] PHP Warning:  Undefined variable $pdo in C:\Users\ASUS\Desktop\ecweb\ecweb\admin\pages\orders\update_status.php on line 35
[15-Mar-2025 16:07:51 UTC] General Error: Database connection failed
[15-Mar-2025 16:07:54 UTC] PHP Warning:  Undefined variable $pdo in C:\Users\ASUS\Desktop\ecweb\ecweb\admin\pages\orders\update_status.php on line 35
[15-Mar-2025 16:07:54 UTC] General Error: Database connection failed
[15-Mar-2025 16:07:58 UTC] PHP Warning:  Undefined variable $pdo in C:\Users\ASUS\Desktop\ecweb\ecweb\admin\pages\orders\update_status.php on line 35
[15-Mar-2025 16:07:58 UTC] General Error: Database connection failed
[15-Mar-2025 16:08:35 UTC] PHP Warning:  Undefined variable $pdo in C:\Users\ASUS\Desktop\ecweb\ecweb\admin\pages\orders\update_status.php on line 35
[15-Mar-2025 16:08:35 UTC] General Error: Database connection failed
[15-Mar-2025 16:13:49 UTC] PHP Warning:  Undefined variable $pdo in C:\Users\ASUS\Desktop\ecweb\ecweb\admin\pages\orders\update_status.php on line 35
[15-Mar-2025 16:13:49 UTC] General Error: Database connection failed
[15-Mar-2025 16:13:52 UTC] PHP Warning:  Undefined variable $pdo in C:\Users\ASUS\Desktop\ecweb\ecweb\admin\pages\orders\update_status.php on line 35
[15-Mar-2025 16:13:52 UTC] General Error: Database connection failed
[15-Mar-2025 16:21:29 UTC] PHP Warning:  Undefined variable $pdo in C:\Users\ASUS\Desktop\ecweb\ecweb\admin\pages\orders\update_status.php on line 35
[15-Mar-2025 16:21:29 UTC] General Error: Database connection failed
[15-Mar-2025 16:21:33 UTC] PHP Warning:  Undefined variable $pdo in C:\Users\ASUS\Desktop\ecweb\ecweb\admin\pages\orders\update_status.php on line 35
[15-Mar-2025 16:21:33 UTC] General Error: Database connection failed
[15-Mar-2025 16:21:38 UTC] PHP Warning:  Undefined variable $pdo in C:\Users\ASUS\Desktop\ecweb\ecweb\admin\pages\orders\update_status.php on line 35
[15-Mar-2025 16:21:38 UTC] General Error: Database connection failed
[15-Mar-2025 16:21:42 UTC] PHP Warning:  Undefined variable $pdo in C:\Users\ASUS\Desktop\ecweb\ecweb\admin\pages\orders\update_status.php on line 35
[15-Mar-2025 16:21:42 UTC] General Error: Database connection failed
[15-Mar-2025 16:25:37 UTC] PHP Warning:  Undefined variable $pdo in C:\Users\ASUS\Desktop\ecweb\ecweb\admin\pages\orders\update_status.php on line 35
[15-Mar-2025 16:25:37 UTC] General Error: Database connection failed
[15-Mar-2025 16:25:41 UTC] PHP Warning:  Undefined variable $pdo in C:\Users\ASUS\Desktop\ecweb\ecweb\admin\pages\orders\update_status.php on line 35
[15-Mar-2025 16:25:41 UTC] General Error: Database connection failed
[15-Mar-2025 16:28:28 UTC] PHP Warning:  Undefined variable $pdo in C:\Users\ASUS\Desktop\ecweb\ecweb\admin\pages\orders\update_status.php on line 35
[15-Mar-2025 16:28:28 UTC] General Error: Database connection failed
[15-Mar-2025 18:25:12 UTC] PHP Warning:  require_once(includes/config.php): Failed to open stream: No such file or directory in C:\Users\ASUS\Desktop\ecweb\ecweb\admin\pages\orders\delete_order.php on line 20
[15-Mar-2025 18:25:12 UTC] PHP Fatal error:  Uncaught Error: Failed opening required 'includes/config.php' (include_path='.;C:\php\pear') in C:\Users\ASUS\Desktop\ecweb\ecweb\admin\pages\orders\delete_order.php:20
Stack trace:
#0 {main}
  thrown in C:\Users\ASUS\Desktop\ecweb\ecweb\admin\pages\orders\delete_order.php on line 20
[15-Mar-2025 18:28:59 UTC] PHP Warning:  require_once(includes/config.php): Failed to open stream: No such file or directory in C:\Users\ASUS\Desktop\ecweb\ecweb\admin\pages\orders\delete_order.php on line 20
[15-Mar-2025 18:28:59 UTC] PHP Fatal error:  Uncaught Error: Failed opening required 'includes/config.php' (include_path='.;C:\php\pear') in C:\Users\ASUS\Desktop\ecweb\ecweb\admin\pages\orders\delete_order.php:20
Stack trace:
#0 {main}
  thrown in C:\Users\ASUS\Desktop\ecweb\ecweb\admin\pages\orders\delete_order.php on line 20
[15-Mar-2025 18:29:31 UTC] PHP Warning:  require_once(includes/config.php): Failed to open stream: No such file or directory in C:\Users\ASUS\Desktop\ecweb\ecweb\admin\pages\orders\delete_order.php on line 20
[15-Mar-2025 18:29:31 UTC] PHP Fatal error:  Uncaught Error: Failed opening required 'includes/config.php' (include_path='.;C:\php\pear') in C:\Users\ASUS\Desktop\ecweb\ecweb\admin\pages\orders\delete_order.php:20
Stack trace:
#0 {main}
  thrown in C:\Users\ASUS\Desktop\ecweb\ecweb\admin\pages\orders\delete_order.php on line 20
[15-Mar-2025 18:29:34 UTC] PHP Warning:  require_once(includes/config.php): Failed to open stream: No such file or directory in C:\Users\ASUS\Desktop\ecweb\ecweb\admin\pages\orders\delete_order.php on line 20
[15-Mar-2025 18:29:34 UTC] PHP Fatal error:  Uncaught Error: Failed opening required 'includes/config.php' (include_path='.;C:\php\pear') in C:\Users\ASUS\Desktop\ecweb\ecweb\admin\pages\orders\delete_order.php:20
Stack trace:
#0 {main}
  thrown in C:\Users\ASUS\Desktop\ecweb\ecweb\admin\pages\orders\delete_order.php on line 20
[15-Mar-2025 18:33:43 UTC] PHP Warning:  require_once(includes/config.php): Failed to open stream: No such file or directory in C:\Users\ASUS\Desktop\ecweb\ecweb\admin\pages\orders\delete_order.php on line 20
[15-Mar-2025 18:33:43 UTC] PHP Fatal error:  Uncaught Error: Failed opening required 'includes/config.php' (include_path='.;C:\php\pear') in C:\Users\ASUS\Desktop\ecweb\ecweb\admin\pages\orders\delete_order.php:20
Stack trace:
#0 {main}
  thrown in C:\Users\ASUS\Desktop\ecweb\ecweb\admin\pages\orders\delete_order.php on line 20
